<?xml version="1.0" encoding="UTF-8"?>
<!-- Generated by org.testng.reporters.JUnitReportReporter -->
<testsuite hostname="Ayush" failures="0" tests="3" name="apiTestCases.ApiPoJoPractice4thday" time="6.645" errors="0" timestamp="2023-10-03T05:43:53 IST" skipped="0">
  <testcase classname="apiTestCases.ApiPoJoPractice4thday" name="CreategooglePlace" time="5.436"/>
  <testcase classname="apiTestCases.ApiPoJoPractice4thday" name="GetPlaceAPi" time="0.540"/>
  <testcase classname="apiTestCases.ApiPoJoPractice4thday" name="UpdategooglePlace" time="0.669"/>
</testsuite> <!-- apiTestCases.ApiPoJoPractice4thday -->
