<?xml version="1.0" encoding="UTF-8"?>
<!-- Generated by org.testng.reporters.JUnitReportReporter -->
<testsuite hostname="Ayush" failures="0" tests="1" name="apiTestCases.Api3rddayPayloadImplementation" time="1.835" errors="0" timestamp="2023-10-03T03:53:03 IST" skipped="0">
  <testcase classname="apiTestCases.Api3rddayPayloadImplementation" name="payloadImplementation" time="1.835"/>
</testsuite> <!-- apiTestCases.Api3rddayPayloadImplementation -->
