<?xml version="1.0" encoding="UTF-8"?>
<!-- Generated by org.testng.reporters.JUnitReportReporter -->
<testsuite hostname="Ayush" failures="0" tests="1" name="apiTestCases.CreatePlaceApiTest" time="2.395" errors="0" timestamp="2023-10-03T02:06:52 IST" skipped="0">
  <testcase classname="apiTestCases.CreatePlaceApiTest" name="creatinggoogleeplaceAPI" time="2.395"/>
</testsuite> <!-- apiTestCases.CreatePlaceApiTest -->
