<?xml version="1.0" encoding="UTF-8"?>
<!-- Generated by org.testng.reporters.JUnitReportReporter -->
<testsuite hostname="Ayush" failures="0" tests="1" name="apiTestCases.POJOIMPlementationFixed" time="5.346" errors="0" timestamp="2023-10-03T07:21:28 IST" skipped="0">
  <testcase classname="apiTestCases.POJOIMPlementationFixed" name="CreategooglePlace" time="5.346"/>
</testsuite> <!-- apiTestCases.POJOIMPlementationFixed -->
